2025-03-10 10:46:12 Loading main app package /tmp/.mount_ObsidiPzPQj9/resources/obsidian.asar
2025-03-10 10:46:13 Checking for update using Github
2025-03-10 10:46:14 Success.
2025-03-10 10:46:14 Latest version is 1.8.9
2025-03-10 10:46:14 App is up to date.
2025-03-10 10:56:08 Loading main app package /tmp/.mount_ObsidiSAsJVk/resources/obsidian.asar
2025-03-10 10:56:08 Checking for update using Github
2025-03-10 10:56:09 Success.
2025-03-10 10:56:09 Latest version is 1.8.9
2025-03-10 10:56:09 App is up to date.
2025-03-10 11:02:51 Loading main app package /tmp/.mount_ObsidiQXe1Nf/resources/obsidian.asar
2025-03-10 11:02:52 Checking for update using Github
2025-03-10 11:02:53 Success.
2025-03-10 11:02:53 Latest version is 1.8.9
2025-03-10 11:02:53 App is up to date.
2025-03-10 11:09:16 Loading main app package /tmp/.mount_ObsidiWg6o4K/resources/obsidian.asar
2025-03-10 11:09:17 Checking for update using Github
2025-03-10 11:09:18 Success.
2025-03-10 11:09:18 Latest version is 1.8.9
2025-03-10 11:09:18 App is up to date.
2025-03-10 11:25:29 Loading main app package /tmp/.mount_ObsidigHhXpt/resources/obsidian.asar
2025-03-10 11:25:31 Checking for update using Github
2025-03-10 11:25:31 Success.
2025-03-10 11:25:31 Latest version is 1.8.9
2025-03-10 11:25:31 App is up to date.
